<?xml version="1.0" encoding="UTF-8"?>
<testsuite xmlns:xsi="http://www.w3.org/2001/XMLSchema-instance" xsi:noNamespaceSchemaLocation="https://maven.apache.org/surefire/maven-surefire-plugin/xsd/surefire-test-report.xsd" name="AngajatiApp.repository.EmployeeMockTest" time="0.062" tests="11" errors="0" skipped="0" failures="0">
  <properties>
[...]
</properties>
  <testcase name="finalTC_01" classname="AngajatiApp.repository.EmployeeMockTest" time="0.026"/>
  <testcase name="finalTC_02" classname="AngajatiApp.repository.EmployeeMockTest" time="0"/>
  <testcase name="finalTC_03" classname="AngajatiApp.repository.EmployeeMockTest" time="0.001"/>
  <testcase name="finalTC_04" classname="AngajatiApp.repository.EmployeeMockTest" time="0.001"/>
  <testcase name="finalTC_05" classname="AngajatiApp.repository.EmployeeMockTest" time="0.001"/>
  <testcase name="finalTC_06" classname="AngajatiApp.repository.EmployeeMockTest" time="0.001"/>
  <testcase name="finalTC_07" classname="AngajatiApp.repository.EmployeeMockTest" time="0.001"/>
  <testcase name="modifyEmployeeFunctionIDValid" classname="AngajatiApp.repository.EmployeeMockTest" time="0.002"/>
  <testcase name="modifyEmployeeFunctionLungimeInvalida" classname="AngajatiApp.repository.EmployeeMockTest" time="0.002"/>
  <testcase name="modifyEmployeeFunctionIDInValid" classname="AngajatiApp.repository.EmployeeMockTest" time="0.001"/>
  <testcase name="modifyEmployeeFunctionNullEmployee" classname="AngajatiApp.repository.EmployeeMockTest" time="0.002"/>
</testsuite>